<?xml version="1.0" encoding="UTF-8"?>
<Site BuildName="Win32-MSBuild"
	BuildStamp="20240213-1022-Experimental"
	Name="XPSNiels"
	Generator="ctest-3.28.3"
	CompilerName="C:/Program Files/Microsoft Visual Studio/2022/Community/VC/Tools/MSVC/14.35.32215/bin/Hostx64/x64/cl.exe"
	CompilerVersion="19.35.32216.1"
	OSName="Windows"
	Hostname="XPSNiels"
	OSRelease=" Personal"
	OSVersion=" (Build 22621)"
	OSPlatform="AMD64"
	Is64Bits="1"
	VendorString="GenuineIntel"
	VendorID="Intel Corporation"
	FamilyID="6"
	ModelID="13"
	ProcessorCacheSize="-1"
	NumberOfLogicalCPU="16"
	NumberOfPhysicalCPU="8"
	TotalVirtualMemory="24059"
	TotalPhysicalMemory="16103"
	LogicalProcessorsPerPhysical="2"
	ProcessorClockFrequency="2303"
	>
	<Testing>
		<StartDateTime>Feb 13 12:19 W. Europe Standard Time</StartDateTime>
		<StartTestTime>1707823194</StartTestTime>
		<TestList/>
		<EndDateTime>Feb 13 12:19 W. Europe Standard Time</EndDateTime>
		<EndTestTime>1707823194</EndTestTime>
		<ElapsedMinutes>0</ElapsedMinutes>
	</Testing>
</Site>
